{
  "stats": {
    "suites": 12,
    "tests": 41,
    "passes": 19,
    "pending": 0,
    "failures": 22,
    "start": "2021-07-11T17:39:11.900Z",
    "end": "2021-07-11T17:40:50.185Z",
    "duration": 98285,
    "testsRegistered": 41,
    "passPercent": 46.34146341463415,
    "pendingPercent": 0,
    "other": 0,
    "hasOther": false,
    "skipped": 0,
    "hasSkipped": false
  },
  "results": [
    {
      "uuid": "3bd49f0c-1f45-41f2-a37f-ba8ebe87c920",
      "title": "",
      "fullFile": "cypress/integration/project.spec.js",
      "file": "cypress/integration/project.spec.js",
      "beforeHooks": [],
      "afterHooks": [],
      "tests": [],
      "suites": [
        {
          "uuid": "f819c0d2-28ca-4227-9413-bcb0d739d7f3",
          "title": "1 - Adicione à página o título \"Paleta de Cores\".",
          "fullFile": "",
          "file": "",
          "beforeHooks": [],
          "afterHooks": [],
          "tests": [
            {
              "title": "Verifica se contém um elemento `h1` com o id `title` com o título correto",
              "fullTitle": "1 - Adicione à página o título \"Paleta de Cores\". Verifica se contém um elemento `h1` com o id `title` com o título correto",
              "timedOut": null,
              "duration": 104,
              "state": "passed",
              "speed": "slow",
              "pass": true,
              "fail": false,
              "pending": false,
              "context": null,
              "code": "cy.get('h1#title').should('contain.text', 'Paleta de Cores');",
              "err": {},
              "uuid": "09cfb0a7-c0ed-41f0-a984-c5312b29d9a4",
              "parentUUID": "f819c0d2-28ca-4227-9413-bcb0d739d7f3",
              "isHook": false,
              "skipped": false
            }
          ],
          "suites": [],
          "passes": [
            "09cfb0a7-c0ed-41f0-a984-c5312b29d9a4"
          ],
          "failures": [],
          "pending": [],
          "skipped": [],
          "duration": 104,
          "root": false,
          "rootEmpty": false,
          "_timeout": 2000
        },
        {
          "uuid": "eacc7771-5f90-4d1e-ab1a-1fae055209b8",
          "title": "2 - Adicione à página uma paleta de quatro cores distintas.",
          "fullFile": "",
          "file": "",
          "beforeHooks": [],
          "afterHooks": [],
          "tests": [
            {
              "title": "A paleta de cores deve ser um elemento com `id` denominado `color-palette`",
              "fullTitle": "2 - Adicione à página uma paleta de quatro cores distintas. A paleta de cores deve ser um elemento com `id` denominado `color-palette`",
              "timedOut": null,
              "duration": 46,
              "state": "passed",
              "speed": "medium",
              "pass": true,
              "fail": false,
              "pending": false,
              "context": null,
              "code": "cy.get('#color-palette').should('be.visible');",
              "err": {},
              "uuid": "a68ab863-a3b5-40ac-8b0c-11db608535df",
              "parentUUID": "eacc7771-5f90-4d1e-ab1a-1fae055209b8",
              "isHook": false,
              "skipped": false
            },
            {
              "title": "Verifica se cada cor individual da paleta de cores possui a `classe` chamada `color`.",
              "fullTitle": "2 - Adicione à página uma paleta de quatro cores distintas. Verifica se cada cor individual da paleta de cores possui a `classe` chamada `color`.",
              "timedOut": null,
              "duration": 4172,
              "state": "failed",
              "speed": null,
              "pass": false,
              "fail": true,
              "pending": false,
              "context": null,
              "code": "cy.get('.color').should('have.length', 4).then(function (colors) {\n  for (var i = 0; i < colors.length; i++) {\n    cy.wrap(colors[i]).should('be.visible');\n  }\n});",
              "err": {
                "message": "CypressError: Timed out retrying: Too many elements found. Found '5', expected '4'.",
                "estack": "CypressError: Timed out retrying: Too many elements found. Found '5', expected '4'.\n    at cypressErr (http://localhost:33097/__cypress/runner/cypress_runner.js:149934:9)\n    at throwErr (http://localhost:33097/__cypress/runner/cypress_runner.js:149867:11)\n    at Object.throwErrByPath (http://localhost:33097/__cypress/runner/cypress_runner.js:149915:3)\n    at retry (http://localhost:33097/__cypress/runner/cypress_runner.js:144197:19)\n    at onFailFn (http://localhost:33097/__cypress/runner/cypress_runner.js:132448:16)\n    at tryCatcher (http://localhost:33097/__cypress/runner/cypress_runner.js:167415:23)\n    at Promise._settlePromiseFromHandler (http://localhost:33097/__cypress/runner/cypress_runner.js:165351:31)\n    at Promise._settlePromise (http://localhost:33097/__cypress/runner/cypress_runner.js:165408:18)\n    at Promise._settlePromise0 (http://localhost:33097/__cypress/runner/cypress_runner.js:165453:10)\n    at Promise._settlePromises (http://localhost:33097/__cypress/runner/cypress_runner.js:165528:18)\n    at Async../node_modules/bluebird/js/release/async.js.Async._drainQueue (http://localhost:33097/__cypress/runner/cypress_runner.js:162140:16)\n    at Async../node_modules/bluebird/js/release/async.js.Async._drainQueues (http://localhost:33097/__cypress/runner/cypress_runner.js:162150:10)\n    at Async.drainQueues (http://localhost:33097/__cypress/runner/cypress_runner.js:162024:14)",
                "diff": null
              },
              "uuid": "afe06009-005c-4b5a-9bd3-c9157429aa23",
              "parentUUID": "eacc7771-5f90-4d1e-ab1a-1fae055209b8",
              "isHook": false,
              "skipped": false
            },
            {
              "title": "Verifica se a cor de fundo de cada elemento da paleta é a cor que o elemento representa. **A única cor não permitida na paleta é a cor branca.**",
              "fullTitle": "2 - Adicione à página uma paleta de quatro cores distintas. Verifica se a cor de fundo de cada elemento da paleta é a cor que o elemento representa. **A única cor não permitida na paleta é a cor branca.**",
              "timedOut": null,
              "duration": 99,
              "state": "passed",
              "speed": "slow",
              "pass": true,
              "fail": false,
              "pending": false,
              "context": null,
              "code": "cy.get('.color').each(function (color) {\n  cy.wrap(color).should('have.class', 'color').and('not.have.css', 'background-color', WHITE);\n  cy.wrap(color).should('have.css', 'background-color');\n});",
              "err": {},
              "uuid": "4afc926f-eb5a-466a-94a1-ea8e6ff1f0b3",
              "parentUUID": "eacc7771-5f90-4d1e-ab1a-1fae055209b8",
              "isHook": false,
              "skipped": false
            },
            {
              "title": "Verifica se cada elemento da paleta de cores tem uma borda preta, sólida e com 1 pixel de largura;",
              "fullTitle": "2 - Adicione à página uma paleta de quatro cores distintas. Verifica se cada elemento da paleta de cores tem uma borda preta, sólida e com 1 pixel de largura;",
              "timedOut": null,
              "duration": 59,
              "state": "passed",
              "speed": "medium",
              "pass": true,
              "fail": false,
              "pending": false,
              "context": null,
              "code": "cy.get('.color').each(function (color) {\n  cy.wrap(color).and('have.css', 'border', \"1px solid \".concat(BLACK)).and('have.class', 'color');\n});",
              "err": {},
              "uuid": "32031d8d-3c9c-4952-a5e2-714e06988b79",
              "parentUUID": "eacc7771-5f90-4d1e-ab1a-1fae055209b8",
              "isHook": false,
              "skipped": false
            },
            {
              "title": "Verifica se a paleta lista todas as cores disponíveis para utilização, lado a lado.",
              "fullTitle": "2 - Adicione à página uma paleta de quatro cores distintas. Verifica se a paleta lista todas as cores disponíveis para utilização, lado a lado.",
              "timedOut": null,
              "duration": 55,
              "state": "passed",
              "speed": "medium",
              "pass": true,
              "fail": false,
              "pending": false,
              "context": null,
              "code": "cy.get('.color').then(function (colors) {\n  for (var index = 1; index < colors.length; index += 1) {\n    var currentColor = colors[index];\n    var previousColor = colors[index - 1];\n    cy.wrap(currentColor).should('be.onTheRightOf', previousColor).and('be.horizontallyAlignedWith', previousColor);\n  }\n});",
              "err": {},
              "uuid": "64555a3f-c7f8-45c6-b337-b0f2c90c3f3f",
              "parentUUID": "eacc7771-5f90-4d1e-ab1a-1fae055209b8",
              "isHook": false,
              "skipped": false
            },
            {
              "title": "Verifica se a paleta de cores está posicionada abaixo do título 'Paleta de Cores'",
              "fullTitle": "2 - Adicione à página uma paleta de quatro cores distintas. Verifica se a paleta de cores está posicionada abaixo do título 'Paleta de Cores'",
              "timedOut": null,
              "duration": 67,
              "state": "passed",
              "speed": "medium",
              "pass": true,
              "fail": false,
              "pending": false,
              "context": null,
              "code": "cy.get('h1#title').then(function (title) {\n  cy.get('#color-palette').should('be.belowOf', title);\n});",
              "err": {},
              "uuid": "b41d18e2-4349-48ff-ad18-41d428311941",
              "parentUUID": "eacc7771-5f90-4d1e-ab1a-1fae055209b8",
              "isHook": false,
              "skipped": false
            },
            {
              "title": "Verifica se a paleta de cores não contém cores repetidas.",
              "fullTitle": "2 - Adicione à página uma paleta de quatro cores distintas. Verifica se a paleta de cores não contém cores repetidas.",
              "timedOut": null,
              "duration": 45,
              "state": "passed",
              "speed": "medium",
              "pass": true,
              "fail": false,
              "pending": false,
              "context": null,
              "code": "cy.get('.color').then(function (colors) {\n  var allColors = Array.from(colors).map(function (color) {\n    return Cypress.$(color).css('background-color');\n  });\n  cy.log(allColors);\n  var uniqColors = (0, _toConsumableArray2[\"default\"])(new Set(allColors));\n  cy.log(uniqColors);\n  expect(allColors.length).to.eq(uniqColors.length);\n});",
              "err": {},
              "uuid": "ad82c627-bfb8-4c73-90dd-30b1e8a2b5b3",
              "parentUUID": "eacc7771-5f90-4d1e-ab1a-1fae055209b8",
              "isHook": false,
              "skipped": false
            }
          ],
          "suites": [],
          "passes": [
            "a68ab863-a3b5-40ac-8b0c-11db608535df",
            "4afc926f-eb5a-466a-94a1-ea8e6ff1f0b3",
            "32031d8d-3c9c-4952-a5e2-714e06988b79",
            "64555a3f-c7f8-45c6-b337-b0f2c90c3f3f",
            "b41d18e2-4349-48ff-ad18-41d428311941",
            "ad82c627-bfb8-4c73-90dd-30b1e8a2b5b3"
          ],
          "failures": [
            "afe06009-005c-4b5a-9bd3-c9157429aa23"
          ],
          "pending": [],
          "skipped": [],
          "duration": 4543,
          "root": false,
          "rootEmpty": false,
          "_timeout": 2000
        },
        {
          "uuid": "bea451ee-e864-45e3-982d-cfb66758fe48",
          "title": "3 - Adicione a cor **preta** como a primeira cor da paleta de cores.",
          "fullFile": "",
          "file": "",
          "beforeHooks": [],
          "afterHooks": [],
          "tests": [
            {
              "title": "Verifica se a primeira cor da paleta é preta",
              "fullTitle": "3 - Adicione a cor **preta** como a primeira cor da paleta de cores. Verifica se a primeira cor da paleta é preta",
              "timedOut": null,
              "duration": 58,
              "state": "passed",
              "speed": "medium",
              "pass": true,
              "fail": false,
              "pending": false,
              "context": null,
              "code": "cy.get('.color').first().should('have.css', 'background-color', BLACK);",
              "err": {},
              "uuid": "81dd6d40-8660-4eaf-8d8c-d6d5480a3a6f",
              "parentUUID": "bea451ee-e864-45e3-982d-cfb66758fe48",
              "isHook": false,
              "skipped": false
            },
            {
              "title": "Verifica se as demais cores podem ser escolhidas livremente.",
              "fullTitle": "3 - Adicione a cor **preta** como a primeira cor da paleta de cores. Verifica se as demais cores podem ser escolhidas livremente.",
              "timedOut": null,
              "duration": 80,
              "state": "passed",
              "speed": "slow",
              "pass": true,
              "fail": false,
              "pending": false,
              "context": null,
              "code": "cy.get('.color').eq(1).should('not.have.css', 'background-color', BLACK);\ncy.get('.color').eq(1).should('not.have.css', 'background-color', WHITE);\ncy.get('.color').eq(1).should('not.have.css', 'background-color', 'rgba(0, 0, 0, 0)');\ncy.get('.color').eq(1).should('have.css', 'background-color');\ncy.get('.color').eq(2).should('not.have.css', 'background-color', BLACK);\ncy.get('.color').eq(2).should('not.have.css', 'background-color', WHITE);\ncy.get('.color').eq(2).should('not.have.css', 'background-color', 'rgba(0, 0, 0, 0)');\ncy.get('.color').eq(2).should('have.css', 'background-color');\ncy.get('.color').eq(3).should('not.have.css', 'background-color', BLACK);\ncy.get('.color').eq(3).should('not.have.css', 'background-color', WHITE);\ncy.get('.color').eq(3).should('not.have.css', 'background-color', 'rgba(0, 0, 0, 0)');\ncy.get('.color').eq(3).should('have.css', 'background-color');",
              "err": {},
              "uuid": "858d90b0-067a-4890-b1aa-b171960caa95",
              "parentUUID": "bea451ee-e864-45e3-982d-cfb66758fe48",
              "isHook": false,
              "skipped": false
            }
          ],
          "suites": [],
          "passes": [
            "81dd6d40-8660-4eaf-8d8c-d6d5480a3a6f",
            "858d90b0-067a-4890-b1aa-b171960caa95"
          ],
          "failures": [],
          "pending": [],
          "skipped": [],
          "duration": 138,
          "root": false,
          "rootEmpty": false,
          "_timeout": 2000
        },
        {
          "uuid": "7ff94308-9622-40d8-b0a5-31ada4d5289c",
          "title": "4 - Adicione à página um quadro de pixels, com 25 pixels.",
          "fullFile": "",
          "file": "",
          "beforeHooks": [],
          "afterHooks": [],
          "tests": [
            {
              "title": "Verifica se o quadro de pixels possui o `id` denominado `pixel-board`",
              "fullTitle": "4 - Adicione à página um quadro de pixels, com 25 pixels. Verifica se o quadro de pixels possui o `id` denominado `pixel-board`",
              "timedOut": null,
              "duration": 54,
              "state": "passed",
              "speed": "medium",
              "pass": true,
              "fail": false,
              "pending": false,
              "context": null,
              "code": "cy.get('#pixel-board').should('be.visible');",
              "err": {},
              "uuid": "80a92385-d7b4-4bf0-bbd7-524ba4284c15",
              "parentUUID": "7ff94308-9622-40d8-b0a5-31ada4d5289c",
              "isHook": false,
              "skipped": false
            },
            {
              "title": "Verifica se cada pixel individual dentro do quadro possui a `classe` denominada `pixel`.",
              "fullTitle": "4 - Adicione à página um quadro de pixels, com 25 pixels. Verifica se cada pixel individual dentro do quadro possui a `classe` denominada `pixel`.",
              "timedOut": null,
              "duration": 60,
              "state": "passed",
              "speed": "medium",
              "pass": true,
              "fail": false,
              "pending": false,
              "context": null,
              "code": "cy.get('.pixel').should('have.length', 25);",
              "err": {},
              "uuid": "3bb1cbcb-c615-41db-9559-433618450963",
              "parentUUID": "7ff94308-9622-40d8-b0a5-31ada4d5289c",
              "isHook": false,
              "skipped": false
            },
            {
              "title": "Verifica se a cor inicial dos pixels dentro do quadro, ao abrir a página, é branca.",
              "fullTitle": "4 - Adicione à página um quadro de pixels, com 25 pixels. Verifica se a cor inicial dos pixels dentro do quadro, ao abrir a página, é branca.",
              "timedOut": null,
              "duration": 76,
              "state": "passed",
              "speed": "slow",
              "pass": true,
              "fail": false,
              "pending": false,
              "context": null,
              "code": "cy.get('.pixel').should('have.length', 25).each(function (pixel) {\n  expect(pixel).to.have.css('background-color', WHITE);\n});",
              "err": {},
              "uuid": "07b4ed01-e33d-47b1-b1c1-a462b52486c3",
              "parentUUID": "7ff94308-9622-40d8-b0a5-31ada4d5289c",
              "isHook": false,
              "skipped": false
            },
            {
              "title": "Verifica se o quadro de pixels aparece abaixo da paleta de cores",
              "fullTitle": "4 - Adicione à página um quadro de pixels, com 25 pixels. Verifica se o quadro de pixels aparece abaixo da paleta de cores",
              "timedOut": null,
              "duration": 47,
              "state": "passed",
              "speed": "medium",
              "pass": true,
              "fail": false,
              "pending": false,
              "context": null,
              "code": "cy.get('#color-palette').then(function (palette) {\n  cy.get('#pixel-board').should('be.belowOf', palette);\n});",
              "err": {},
              "uuid": "7021971d-de7f-4290-aa65-a9f3d6c2ed32",
              "parentUUID": "7ff94308-9622-40d8-b0a5-31ada4d5289c",
              "isHook": false,
              "skipped": false
            }
          ],
          "suites": [],
          "passes": [
            "80a92385-d7b4-4bf0-bbd7-524ba4284c15",
            "3bb1cbcb-c615-41db-9559-433618450963",
            "07b4ed01-e33d-47b1-b1c1-a462b52486c3",
            "7021971d-de7f-4290-aa65-a9f3d6c2ed32"
          ],
          "failures": [],
          "pending": [],
          "skipped": [],
          "duration": 237,
          "root": false,
          "rootEmpty": false,
          "_timeout": 2000
        },
        {
          "uuid": "e5e7e32d-b484-46c8-94f8-d219f9b4d206",
          "title": "5 - Faça com que cada elemento do quadro de pixels possua 40 pixels de largura, 40 pixels de altura e seja delimitado por uma borda preta de 1 pixel.",
          "fullFile": "",
          "file": "",
          "beforeHooks": [],
          "afterHooks": [],
          "tests": [
            {
              "title": "Verifica se o quadro de pixels tem altura e comprimento de 5 elementos",
              "fullTitle": "5 - Faça com que cada elemento do quadro de pixels possua 40 pixels de largura, 40 pixels de altura e seja delimitado por uma borda preta de 1 pixel. Verifica se o quadro de pixels tem altura e comprimento de 5 elementos",
              "timedOut": null,
              "duration": 139,
              "state": "passed",
              "speed": "slow",
              "pass": true,
              "fail": false,
              "pending": false,
              "context": null,
              "code": "cy.get('.pixel').should('have.length', 25).each(function (pixel) {\n  expect(pixel).to.have.css('background-color', WHITE);\n}).and(function (pixels) {\n  var rows = chunk(pixels, 5);\n  rows.forEach(function (row) {\n    for (var index = 1; index < row.length; index += 1) {\n      var current = pixels[index];\n      var previous = pixels[index - 1];\n      cy.wrap(current).should('be.onTheRightOf', previous).and('be.horizontallyAlignedWith', previous);\n    }\n  });\n  for (var index = 1; index < 5; index += 1) {\n    expect(pixels[index * 5]).to.be.belowOf(pixels[(index - 1) * 5]);\n  }\n});",
              "err": {},
              "uuid": "d76d473f-132a-442d-bba4-a0d2bd3234a2",
              "parentUUID": "e5e7e32d-b484-46c8-94f8-d219f9b4d206",
              "isHook": false,
              "skipped": false
            },
            {
              "title": "Verifica se 40 pixels é o tamanho total do elemento, incluindo seu conteúdo e excluindo a borda preta, que deve ser criada à parte.",
              "fullTitle": "5 - Faça com que cada elemento do quadro de pixels possua 40 pixels de largura, 40 pixels de altura e seja delimitado por uma borda preta de 1 pixel. Verifica se 40 pixels é o tamanho total do elemento, incluindo seu conteúdo e excluindo a borda preta, que deve ser criada à parte.",
              "timedOut": null,
              "duration": 139,
              "state": "passed",
              "speed": "slow",
              "pass": true,
              "fail": false,
              "pending": false,
              "context": null,
              "code": "cy.get('.pixel').each(function (pixel) {\n  cy.wrap(pixel).should('have.css', 'height', '40px').and('have.css', 'width', '40px').and('have.css', 'border', \"1px solid \".concat(BLACK));\n});",
              "err": {},
              "uuid": "cc822aa4-bbe9-4b12-8fbe-bd9b17ff0ade",
              "parentUUID": "e5e7e32d-b484-46c8-94f8-d219f9b4d206",
              "isHook": false,
              "skipped": false
            }
          ],
          "suites": [],
          "passes": [
            "d76d473f-132a-442d-bba4-a0d2bd3234a2",
            "cc822aa4-bbe9-4b12-8fbe-bd9b17ff0ade"
          ],
          "failures": [],
          "pending": [],
          "skipped": [],
          "duration": 278,
          "root": false,
          "rootEmpty": false,
          "_timeout": 2000
        },
        {
          "uuid": "aaa17b98-999b-4398-be5d-85e094df262b",
          "title": "6 - Defina a cor preta como cor inicial. Ao carregar a página a cor preta já deve estar selecionada para pintar os pixels",
          "fullFile": "",
          "file": "",
          "beforeHooks": [],
          "afterHooks": [],
          "tests": [
            {
              "title": "Verifica se o elemento da cor preta possui, inicialmente, a `classe` `selected`",
              "fullTitle": "6 - Defina a cor preta como cor inicial. Ao carregar a página a cor preta já deve estar selecionada para pintar os pixels Verifica se o elemento da cor preta possui, inicialmente, a `classe` `selected`",
              "timedOut": null,
              "duration": 54,
              "state": "passed",
              "speed": "medium",
              "pass": true,
              "fail": false,
              "pending": false,
              "context": null,
              "code": "cy.get('.selected').first().should('have.css', 'background-color', BLACK);",
              "err": {},
              "uuid": "9ba9d5d5-fdd9-4c16-818f-58a559015e6e",
              "parentUUID": "aaa17b98-999b-4398-be5d-85e094df262b",
              "isHook": false,
              "skipped": false
            },
            {
              "title": "Verifica se nenhuma outra cor da paleta tem a `classe` `selected`",
              "fullTitle": "6 - Defina a cor preta como cor inicial. Ao carregar a página a cor preta já deve estar selecionada para pintar os pixels Verifica se nenhuma outra cor da paleta tem a `classe` `selected`",
              "timedOut": null,
              "duration": 65,
              "state": "passed",
              "speed": "medium",
              "pass": true,
              "fail": false,
              "pending": false,
              "context": null,
              "code": "cy.get('.color:not(:first-child)').each(function (color) {\n  cy.wrap(color).should('not.have.class', 'selected');\n});",
              "err": {},
              "uuid": "b90f4bf2-f473-4a7b-b759-2a1469d77d0e",
              "parentUUID": "aaa17b98-999b-4398-be5d-85e094df262b",
              "isHook": false,
              "skipped": false
            }
          ],
          "suites": [],
          "passes": [
            "9ba9d5d5-fdd9-4c16-818f-58a559015e6e",
            "b90f4bf2-f473-4a7b-b759-2a1469d77d0e"
          ],
          "failures": [],
          "pending": [],
          "skipped": [],
          "duration": 119,
          "root": false,
          "rootEmpty": false,
          "_timeout": 2000
        },
        {
          "uuid": "c0027dd4-d329-4de1-a82b-28d91d0e8951",
          "title": "7 - Clicar em uma das cores da paleta, faz com que ela seja selecionada e utilizada para preencher os pixels no quadro.",
          "fullFile": "",
          "file": "",
          "beforeHooks": [],
          "afterHooks": [],
          "tests": [
            {
              "title": "Verifica se somente uma cor da paleta de cores tem a classe `selected` de cada vez",
              "fullTitle": "7 - Clicar em uma das cores da paleta, faz com que ela seja selecionada e utilizada para preencher os pixels no quadro. Verifica se somente uma cor da paleta de cores tem a classe `selected` de cada vez",
              "timedOut": null,
              "duration": 461,
              "state": "passed",
              "speed": "slow",
              "pass": true,
              "fail": false,
              "pending": false,
              "context": null,
              "code": "cy.get('.color').each(function (selectedColor, selectedColorIndex) {\n  cy.wrap(selectedColor).click();\n  cy.get('.color').each(function (color, colorIndex) {\n    if (colorIndex === selectedColorIndex) {\n      expect(color).to.have[\"class\"]('selected');\n    } else {\n      expect(color).not.to.have[\"class\"]('selected');\n    }\n  });\n});",
              "err": {},
              "uuid": "ae1c42b4-ab2e-44f3-aeac-d835302e835f",
              "parentUUID": "c0027dd4-d329-4de1-a82b-28d91d0e8951",
              "isHook": false,
              "skipped": false
            },
            {
              "title": "Verifica se os pixels dentro do quadro não têm a classe `selected` quando são clicados",
              "fullTitle": "7 - Clicar em uma das cores da paleta, faz com que ela seja selecionada e utilizada para preencher os pixels no quadro. Verifica se os pixels dentro do quadro não têm a classe `selected` quando são clicados",
              "timedOut": null,
              "duration": 9616,
              "state": "passed",
              "speed": "slow",
              "pass": true,
              "fail": false,
              "pending": false,
              "context": null,
              "code": "cy.get('.color').each(function (color) {\n  var backgroundColor = color.css('background-color');\n  cy.wrap(color).click();\n  cy.get('.pixel').each(function (pixel) {\n    cy.wrap(pixel).click().should('not.have.class', 'selected');\n  });\n});",
              "err": {},
              "uuid": "77fc8737-cccf-483e-9d98-5c5fc8ea7396",
              "parentUUID": "c0027dd4-d329-4de1-a82b-28d91d0e8951",
              "isHook": false,
              "skipped": false
            }
          ],
          "suites": [],
          "passes": [
            "ae1c42b4-ab2e-44f3-aeac-d835302e835f",
            "77fc8737-cccf-483e-9d98-5c5fc8ea7396"
          ],
          "failures": [],
          "pending": [],
          "skipped": [],
          "duration": 10077,
          "root": false,
          "rootEmpty": false,
          "_timeout": 2000
        },
        {
          "uuid": "19c3adab-e8ec-49e4-8590-3f3c7f6cce6e",
          "title": "8 - Clicar em um pixel dentro do quadro após selecionar uma cor na paleta, faz com que o pixel seja preenchido com a cor selecionada.",
          "fullFile": "",
          "file": "",
          "beforeHooks": [],
          "afterHooks": [],
          "tests": [
            {
              "title": "Verifica se ao carregar a página deve ser possível pintar os pixels de preto",
              "fullTitle": "8 - Clicar em um pixel dentro do quadro após selecionar uma cor na paleta, faz com que o pixel seja preenchido com a cor selecionada. Verifica se ao carregar a página deve ser possível pintar os pixels de preto",
              "timedOut": null,
              "duration": 4266,
              "state": "failed",
              "speed": null,
              "pass": false,
              "fail": true,
              "pending": false,
              "context": null,
              "code": "cy.get('.pixel').each(function (pixel) {\n  cy.wrap(pixel).click().should('have.css', 'background-color', BLACK);\n});",
              "err": {
                "message": "CypressError: Timed out retrying: expected '<div.pixel>' to have CSS property 'background-color' with the value 'rgb(0, 0, 0)', but the value was 'rgb(255, 255, 255)'",
                "estack": "CypressError: Timed out retrying: expected '<div.pixel>' to have CSS property 'background-color' with the value 'rgb(0, 0, 0)', but the value was 'rgb(255, 255, 255)'\n    at cypressErr (http://localhost:33097/__cypress/runner/cypress_runner.js:149934:9)\n    at throwErr (http://localhost:33097/__cypress/runner/cypress_runner.js:149867:11)\n    at Object.throwErrByPath (http://localhost:33097/__cypress/runner/cypress_runner.js:149915:3)\n    at retry (http://localhost:33097/__cypress/runner/cypress_runner.js:144197:19)\n    at onFailFn (http://localhost:33097/__cypress/runner/cypress_runner.js:132448:16)\n    at tryCatcher (http://localhost:33097/__cypress/runner/cypress_runner.js:167415:23)\n    at Promise._settlePromiseFromHandler (http://localhost:33097/__cypress/runner/cypress_runner.js:165351:31)\n    at Promise._settlePromise (http://localhost:33097/__cypress/runner/cypress_runner.js:165408:18)\n    at Promise._settlePromise0 (http://localhost:33097/__cypress/runner/cypress_runner.js:165453:10)\n    at Promise._settlePromises (http://localhost:33097/__cypress/runner/cypress_runner.js:165528:18)\n    at Async../node_modules/bluebird/js/release/async.js.Async._drainQueue (http://localhost:33097/__cypress/runner/cypress_runner.js:162140:16)\n    at Async../node_modules/bluebird/js/release/async.js.Async._drainQueues (http://localhost:33097/__cypress/runner/cypress_runner.js:162150:10)\n    at Async.drainQueues (http://localhost:33097/__cypress/runner/cypress_runner.js:162024:14)",
                "diff": null
              },
              "uuid": "7f699e50-a3c3-4aa1-83bb-a1cd774287ba",
              "parentUUID": "19c3adab-e8ec-49e4-8590-3f3c7f6cce6e",
              "isHook": false,
              "skipped": false
            },
            {
              "title": "Verifica se após selecionar uma outra cor na paleta, é possível pintar os pixels com essa cor",
              "fullTitle": "8 - Clicar em um pixel dentro do quadro após selecionar uma cor na paleta, faz com que o pixel seja preenchido com a cor selecionada. Verifica se após selecionar uma outra cor na paleta, é possível pintar os pixels com essa cor",
              "timedOut": null,
              "duration": 4306,
              "state": "failed",
              "speed": null,
              "pass": false,
              "fail": true,
              "pending": false,
              "context": null,
              "code": "cy.get('.color').each(function (color) {\n  var backgroundColor = color.css('background-color');\n  cy.wrap(color).click();\n  cy.get('.pixel').each(function (pixel) {\n    cy.wrap(pixel).click().should('have.css', 'background-color', backgroundColor);\n  });\n});",
              "err": {
                "message": "CypressError: Timed out retrying: expected '<div.pixel>' to have CSS property 'background-color' with the value 'rgb(0, 0, 0)', but the value was 'rgb(255, 255, 255)'",
                "estack": "CypressError: Timed out retrying: expected '<div.pixel>' to have CSS property 'background-color' with the value 'rgb(0, 0, 0)', but the value was 'rgb(255, 255, 255)'\n    at cypressErr (http://localhost:33097/__cypress/runner/cypress_runner.js:149934:9)\n    at throwErr (http://localhost:33097/__cypress/runner/cypress_runner.js:149867:11)\n    at Object.throwErrByPath (http://localhost:33097/__cypress/runner/cypress_runner.js:149915:3)\n    at retry (http://localhost:33097/__cypress/runner/cypress_runner.js:144197:19)\n    at onFailFn (http://localhost:33097/__cypress/runner/cypress_runner.js:132448:16)\n    at tryCatcher (http://localhost:33097/__cypress/runner/cypress_runner.js:167415:23)\n    at Promise._settlePromiseFromHandler (http://localhost:33097/__cypress/runner/cypress_runner.js:165351:31)\n    at Promise._settlePromise (http://localhost:33097/__cypress/runner/cypress_runner.js:165408:18)\n    at Promise._settlePromise0 (http://localhost:33097/__cypress/runner/cypress_runner.js:165453:10)\n    at Promise._settlePromises (http://localhost:33097/__cypress/runner/cypress_runner.js:165528:18)\n    at Async../node_modules/bluebird/js/release/async.js.Async._drainQueue (http://localhost:33097/__cypress/runner/cypress_runner.js:162140:16)\n    at Async../node_modules/bluebird/js/release/async.js.Async._drainQueues (http://localhost:33097/__cypress/runner/cypress_runner.js:162150:10)\n    at Async.drainQueues (http://localhost:33097/__cypress/runner/cypress_runner.js:162024:14)",
                "diff": null
              },
              "uuid": "a7534044-9a0c-4ba0-86f7-9aa54010afd4",
              "parentUUID": "19c3adab-e8ec-49e4-8590-3f3c7f6cce6e",
              "isHook": false,
              "skipped": false
            },
            {
              "title": "Verifica se somente o pixel que foi clicado foi preenchido com a cor selecionada, sem influenciar na cor dos demais pixels.",
              "fullTitle": "8 - Clicar em um pixel dentro do quadro após selecionar uma cor na paleta, faz com que o pixel seja preenchido com a cor selecionada. Verifica se somente o pixel que foi clicado foi preenchido com a cor selecionada, sem influenciar na cor dos demais pixels.",
              "timedOut": null,
              "duration": 5160,
              "state": "failed",
              "speed": null,
              "pass": false,
              "fail": true,
              "pending": false,
              "context": null,
              "code": "var colorToPixelIndexMap = {\n  0: 6,\n  1: 8,\n  2: 16,\n  3: 18\n};\ncy.get('.color').each(function (color, index) {\n  cy.wrap(color).click();\n  var backgroundColor = color.css('background-color');\n  var clickedPixelIndex = colorToPixelIndexMap[index];\n  cy.get('.pixel').eq(clickedPixelIndex).click();\n  cy.get('.pixel').eq(clickedPixelIndex - 1).should('not.have.css', 'background-color', backgroundColor);\n  cy.get('.pixel').eq(clickedPixelIndex + 1).should('not.have.css', 'background-color', backgroundColor);\n  cy.get('.pixel').eq(clickedPixelIndex - 5).should('not.have.css', 'background-color', backgroundColor);\n  cy.get('.pixel').eq(clickedPixelIndex + 5).should('not.have.css', 'background-color', backgroundColor);\n  cy.get('.pixel').eq(clickedPixelIndex - 6).should('not.have.css', 'background-color', backgroundColor);\n  cy.get('.pixel').eq(clickedPixelIndex - 4).should('not.have.css', 'background-color', backgroundColor);\n  cy.get('.pixel').eq(clickedPixelIndex + 4).should('not.have.css', 'background-color', backgroundColor);\n  cy.get('.pixel').eq(clickedPixelIndex + 6).should('not.have.css', 'background-color', backgroundColor);\n});",
              "err": {
                "message": "CypressError: Timed out retrying: Expected to find element: '', but never found it. Queried from element: [ <div.pixel>, 24 more... ]",
                "estack": "CypressError: Timed out retrying: Expected to find element: '', but never found it. Queried from element: [ <div.pixel>, 24 more... ]\n    at cypressErr (http://localhost:33097/__cypress/runner/cypress_runner.js:149934:9)\n    at throwErr (http://localhost:33097/__cypress/runner/cypress_runner.js:149867:11)\n    at Object.throwErrByPath (http://localhost:33097/__cypress/runner/cypress_runner.js:149915:3)\n    at retry (http://localhost:33097/__cypress/runner/cypress_runner.js:144197:19)\n    at onFailFn (http://localhost:33097/__cypress/runner/cypress_runner.js:132448:16)\n    at tryCatcher (http://localhost:33097/__cypress/runner/cypress_runner.js:167415:23)\n    at Promise._settlePromiseFromHandler (http://localhost:33097/__cypress/runner/cypress_runner.js:165351:31)\n    at Promise._settlePromise (http://localhost:33097/__cypress/runner/cypress_runner.js:165408:18)\n    at Promise._settlePromise0 (http://localhost:33097/__cypress/runner/cypress_runner.js:165453:10)\n    at Promise._settlePromises (http://localhost:33097/__cypress/runner/cypress_runner.js:165528:18)\n    at Async../node_modules/bluebird/js/release/async.js.Async._drainQueue (http://localhost:33097/__cypress/runner/cypress_runner.js:162140:16)\n    at Async../node_modules/bluebird/js/release/async.js.Async._drainQueues (http://localhost:33097/__cypress/runner/cypress_runner.js:162150:10)\n    at Async.drainQueues (http://localhost:33097/__cypress/runner/cypress_runner.js:162024:14)",
                "diff": null
              },
              "uuid": "58b39026-ee9f-440b-bc1d-16f34dfb8acf",
              "parentUUID": "19c3adab-e8ec-49e4-8590-3f3c7f6cce6e",
              "isHook": false,
              "skipped": false
            }
          ],
          "suites": [],
          "passes": [],
          "failures": [
            "7f699e50-a3c3-4aa1-83bb-a1cd774287ba",
            "a7534044-9a0c-4ba0-86f7-9aa54010afd4",
            "58b39026-ee9f-440b-bc1d-16f34dfb8acf"
          ],
          "pending": [],
          "skipped": [],
          "duration": 13732,
          "root": false,
          "rootEmpty": false,
          "_timeout": 2000
        },
        {
          "uuid": "71cedfce-e16d-45b0-87cc-f66e239ebd48",
          "title": "9 - Crie um botão que, ao ser clicado, limpa o quadro preenchendo a cor de todos seus pixels com branco.",
          "fullFile": "",
          "file": "",
          "beforeHooks": [],
          "afterHooks": [],
          "tests": [
            {
              "title": "Verifica se o botão tem o `id` denominado `clear-board`",
              "fullTitle": "9 - Crie um botão que, ao ser clicado, limpa o quadro preenchendo a cor de todos seus pixels com branco. Verifica se o botão tem o `id` denominado `clear-board`",
              "timedOut": null,
              "duration": 4217,
              "state": "failed",
              "speed": null,
              "pass": false,
              "fail": true,
              "pending": false,
              "context": null,
              "code": "cy.get('#clear-board').should('be.visible');",
              "err": {
                "message": "CypressError: Timed out retrying: Expected to find element: '#clear-board', but never found it.",
                "estack": "CypressError: Timed out retrying: Expected to find element: '#clear-board', but never found it.\n    at cypressErr (http://localhost:33097/__cypress/runner/cypress_runner.js:149934:9)\n    at throwErr (http://localhost:33097/__cypress/runner/cypress_runner.js:149867:11)\n    at Object.throwErrByPath (http://localhost:33097/__cypress/runner/cypress_runner.js:149915:3)\n    at retry (http://localhost:33097/__cypress/runner/cypress_runner.js:144197:19)\n    at onFailFn (http://localhost:33097/__cypress/runner/cypress_runner.js:132448:16)\n    at tryCatcher (http://localhost:33097/__cypress/runner/cypress_runner.js:167415:23)\n    at Promise._settlePromiseFromHandler (http://localhost:33097/__cypress/runner/cypress_runner.js:165351:31)\n    at Promise._settlePromise (http://localhost:33097/__cypress/runner/cypress_runner.js:165408:18)\n    at Promise._settlePromise0 (http://localhost:33097/__cypress/runner/cypress_runner.js:165453:10)\n    at Promise._settlePromises (http://localhost:33097/__cypress/runner/cypress_runner.js:165528:18)\n    at Async../node_modules/bluebird/js/release/async.js.Async._drainQueue (http://localhost:33097/__cypress/runner/cypress_runner.js:162140:16)\n    at Async../node_modules/bluebird/js/release/async.js.Async._drainQueues (http://localhost:33097/__cypress/runner/cypress_runner.js:162150:10)\n    at Async.drainQueues (http://localhost:33097/__cypress/runner/cypress_runner.js:162024:14)",
                "diff": null
              },
              "uuid": "6f34842a-1181-4984-9f20-3e02dfe913a9",
              "parentUUID": "71cedfce-e16d-45b0-87cc-f66e239ebd48",
              "isHook": false,
              "skipped": false
            },
            {
              "title": "Verifica se o botão está posicionado entre a paleta de cores e o quadro de pixels",
              "fullTitle": "9 - Crie um botão que, ao ser clicado, limpa o quadro preenchendo a cor de todos seus pixels com branco. Verifica se o botão está posicionado entre a paleta de cores e o quadro de pixels",
              "timedOut": null,
              "duration": 4184,
              "state": "failed",
              "speed": null,
              "pass": false,
              "fail": true,
              "pending": false,
              "context": null,
              "code": "cy.get('#color-palette').then(function (palette) {\n  cy.get('#clear-board').should('be.belowOf', palette);\n});\ncy.get('#clear-board').then(function (clearBtn) {\n  cy.get('#pixel-board').should('be.belowOf', clearBtn);\n});",
              "err": {
                "message": "CypressError: Timed out retrying: Expected to find element: '#clear-board', but never found it.",
                "estack": "CypressError: Timed out retrying: Expected to find element: '#clear-board', but never found it.\n    at cypressErr (http://localhost:33097/__cypress/runner/cypress_runner.js:149934:9)\n    at throwErr (http://localhost:33097/__cypress/runner/cypress_runner.js:149867:11)\n    at Object.throwErrByPath (http://localhost:33097/__cypress/runner/cypress_runner.js:149915:3)\n    at retry (http://localhost:33097/__cypress/runner/cypress_runner.js:144197:19)\n    at onFailFn (http://localhost:33097/__cypress/runner/cypress_runner.js:132448:16)\n    at tryCatcher (http://localhost:33097/__cypress/runner/cypress_runner.js:167415:23)\n    at Promise._settlePromiseFromHandler (http://localhost:33097/__cypress/runner/cypress_runner.js:165351:31)\n    at Promise._settlePromise (http://localhost:33097/__cypress/runner/cypress_runner.js:165408:18)\n    at Promise._settlePromise0 (http://localhost:33097/__cypress/runner/cypress_runner.js:165453:10)\n    at Promise._settlePromises (http://localhost:33097/__cypress/runner/cypress_runner.js:165528:18)\n    at Async../node_modules/bluebird/js/release/async.js.Async._drainQueue (http://localhost:33097/__cypress/runner/cypress_runner.js:162140:16)\n    at Async../node_modules/bluebird/js/release/async.js.Async._drainQueues (http://localhost:33097/__cypress/runner/cypress_runner.js:162150:10)\n    at Async.drainQueues (http://localhost:33097/__cypress/runner/cypress_runner.js:162024:14)",
                "diff": null
              },
              "uuid": "363f41e7-465e-4f8e-ae20-0c60318c9f8d",
              "parentUUID": "71cedfce-e16d-45b0-87cc-f66e239ebd48",
              "isHook": false,
              "skipped": false
            },
            {
              "title": "Verifica se o texto do botão é 'Limpar'",
              "fullTitle": "9 - Crie um botão que, ao ser clicado, limpa o quadro preenchendo a cor de todos seus pixels com branco. Verifica se o texto do botão é 'Limpar'",
              "timedOut": null,
              "duration": 4220,
              "state": "failed",
              "speed": null,
              "pass": false,
              "fail": true,
              "pending": false,
              "context": null,
              "code": "cy.get('#clear-board').should('contain.text', 'Limpar');",
              "err": {
                "message": "CypressError: Timed out retrying: Expected to find element: '#clear-board', but never found it.",
                "estack": "CypressError: Timed out retrying: Expected to find element: '#clear-board', but never found it.\n    at cypressErr (http://localhost:33097/__cypress/runner/cypress_runner.js:149934:9)\n    at throwErr (http://localhost:33097/__cypress/runner/cypress_runner.js:149867:11)\n    at Object.throwErrByPath (http://localhost:33097/__cypress/runner/cypress_runner.js:149915:3)\n    at retry (http://localhost:33097/__cypress/runner/cypress_runner.js:144197:19)\n    at onFailFn (http://localhost:33097/__cypress/runner/cypress_runner.js:132448:16)\n    at tryCatcher (http://localhost:33097/__cypress/runner/cypress_runner.js:167415:23)\n    at Promise._settlePromiseFromHandler (http://localhost:33097/__cypress/runner/cypress_runner.js:165351:31)\n    at Promise._settlePromise (http://localhost:33097/__cypress/runner/cypress_runner.js:165408:18)\n    at Promise._settlePromise0 (http://localhost:33097/__cypress/runner/cypress_runner.js:165453:10)\n    at Promise._settlePromises (http://localhost:33097/__cypress/runner/cypress_runner.js:165528:18)\n    at Async../node_modules/bluebird/js/release/async.js.Async._drainQueue (http://localhost:33097/__cypress/runner/cypress_runner.js:162140:16)\n    at Async../node_modules/bluebird/js/release/async.js.Async._drainQueues (http://localhost:33097/__cypress/runner/cypress_runner.js:162150:10)\n    at Async.drainQueues (http://localhost:33097/__cypress/runner/cypress_runner.js:162024:14)",
                "diff": null
              },
              "uuid": "24eb1e3c-c7c3-4593-b1f7-49e072113460",
              "parentUUID": "71cedfce-e16d-45b0-87cc-f66e239ebd48",
              "isHook": false,
              "skipped": false
            },
            {
              "title": "Verifica se ao clicar no botão, o quadro de pixels é totalmente preenchido de branco",
              "fullTitle": "9 - Crie um botão que, ao ser clicado, limpa o quadro preenchendo a cor de todos seus pixels com branco. Verifica se ao clicar no botão, o quadro de pixels é totalmente preenchido de branco",
              "timedOut": null,
              "duration": 4374,
              "state": "failed",
              "speed": null,
              "pass": false,
              "fail": true,
              "pending": false,
              "context": null,
              "code": "cy.get('.color').eq(1).then(function (color) {\n  var backgroundColor = color.css('background-color');\n  cy.wrap(color).click();\n  cy.get('.pixel').each(function (pixel) {\n    cy.wrap(pixel).click().should('have.css', 'background-color', backgroundColor);\n  });\n});\ncy.get('#clear-board').click();\ncy.get('.pixel').each(function (pixel) {\n  cy.wrap(pixel).should('have.css', 'background-color', WHITE);\n});",
              "err": {
                "message": "CypressError: Timed out retrying: expected '<div.pixel>' to have CSS property 'background-color' with the value 'rgb(224, 64, 144)', but the value was 'rgb(255, 255, 255)'",
                "estack": "CypressError: Timed out retrying: expected '<div.pixel>' to have CSS property 'background-color' with the value 'rgb(224, 64, 144)', but the value was 'rgb(255, 255, 255)'\n    at cypressErr (http://localhost:33097/__cypress/runner/cypress_runner.js:149934:9)\n    at throwErr (http://localhost:33097/__cypress/runner/cypress_runner.js:149867:11)\n    at Object.throwErrByPath (http://localhost:33097/__cypress/runner/cypress_runner.js:149915:3)\n    at retry (http://localhost:33097/__cypress/runner/cypress_runner.js:144197:19)\n    at onFailFn (http://localhost:33097/__cypress/runner/cypress_runner.js:132448:16)\n    at tryCatcher (http://localhost:33097/__cypress/runner/cypress_runner.js:167415:23)\n    at Promise._settlePromiseFromHandler (http://localhost:33097/__cypress/runner/cypress_runner.js:165351:31)\n    at Promise._settlePromise (http://localhost:33097/__cypress/runner/cypress_runner.js:165408:18)\n    at Promise._settlePromise0 (http://localhost:33097/__cypress/runner/cypress_runner.js:165453:10)\n    at Promise._settlePromises (http://localhost:33097/__cypress/runner/cypress_runner.js:165528:18)\n    at Async../node_modules/bluebird/js/release/async.js.Async._drainQueue (http://localhost:33097/__cypress/runner/cypress_runner.js:162140:16)\n    at Async../node_modules/bluebird/js/release/async.js.Async._drainQueues (http://localhost:33097/__cypress/runner/cypress_runner.js:162150:10)\n    at Async.drainQueues (http://localhost:33097/__cypress/runner/cypress_runner.js:162024:14)",
                "diff": null
              },
              "uuid": "92c09ef2-bf2f-4912-b0a5-5d615f0091de",
              "parentUUID": "71cedfce-e16d-45b0-87cc-f66e239ebd48",
              "isHook": false,
              "skipped": false
            }
          ],
          "suites": [],
          "passes": [],
          "failures": [
            "6f34842a-1181-4984-9f20-3e02dfe913a9",
            "363f41e7-465e-4f8e-ae20-0c60318c9f8d",
            "24eb1e3c-c7c3-4593-b1f7-49e072113460",
            "92c09ef2-bf2f-4912-b0a5-5d615f0091de"
          ],
          "pending": [],
          "skipped": [],
          "duration": 16995,
          "root": false,
          "rootEmpty": false,
          "_timeout": 2000
        },
        {
          "uuid": "2fd982a8-5805-4be3-85f7-2fa47c8d631f",
          "title": "10 - Faça o quadro de pixels ter seu tamanho definido pelo usuário.",
          "fullFile": "",
          "file": "",
          "beforeHooks": [],
          "afterHooks": [],
          "tests": [
            {
              "title": "Verifica se existe um input com o id `board-size`",
              "fullTitle": "10 - Faça o quadro de pixels ter seu tamanho definido pelo usuário. Verifica se existe um input com o id `board-size`",
              "timedOut": null,
              "duration": 4216,
              "state": "failed",
              "speed": null,
              "pass": false,
              "fail": true,
              "pending": false,
              "context": null,
              "code": "cy.get('#board-size').should('be.visible');",
              "err": {
                "message": "CypressError: Timed out retrying: Expected to find element: '#board-size', but never found it.",
                "estack": "CypressError: Timed out retrying: Expected to find element: '#board-size', but never found it.\n    at cypressErr (http://localhost:33097/__cypress/runner/cypress_runner.js:149934:9)\n    at throwErr (http://localhost:33097/__cypress/runner/cypress_runner.js:149867:11)\n    at Object.throwErrByPath (http://localhost:33097/__cypress/runner/cypress_runner.js:149915:3)\n    at retry (http://localhost:33097/__cypress/runner/cypress_runner.js:144197:19)\n    at onFailFn (http://localhost:33097/__cypress/runner/cypress_runner.js:132448:16)\n    at tryCatcher (http://localhost:33097/__cypress/runner/cypress_runner.js:167415:23)\n    at Promise._settlePromiseFromHandler (http://localhost:33097/__cypress/runner/cypress_runner.js:165351:31)\n    at Promise._settlePromise (http://localhost:33097/__cypress/runner/cypress_runner.js:165408:18)\n    at Promise._settlePromise0 (http://localhost:33097/__cypress/runner/cypress_runner.js:165453:10)\n    at Promise._settlePromises (http://localhost:33097/__cypress/runner/cypress_runner.js:165528:18)\n    at Async../node_modules/bluebird/js/release/async.js.Async._drainQueue (http://localhost:33097/__cypress/runner/cypress_runner.js:162140:16)\n    at Async../node_modules/bluebird/js/release/async.js.Async._drainQueues (http://localhost:33097/__cypress/runner/cypress_runner.js:162150:10)\n    at Async.drainQueues (http://localhost:33097/__cypress/runner/cypress_runner.js:162024:14)",
                "diff": null
              },
              "uuid": "c2df9a44-0430-49e2-92fc-8f387dc0f030",
              "parentUUID": "2fd982a8-5805-4be3-85f7-2fa47c8d631f",
              "isHook": false,
              "skipped": false
            },
            {
              "title": "Verifica se existe um botão com o id `generate-board`",
              "fullTitle": "10 - Faça o quadro de pixels ter seu tamanho definido pelo usuário. Verifica se existe um botão com o id `generate-board`",
              "timedOut": null,
              "duration": 4238,
              "state": "failed",
              "speed": null,
              "pass": false,
              "fail": true,
              "pending": false,
              "context": null,
              "code": "cy.get('#generate-board').should('be.visible');",
              "err": {
                "message": "CypressError: Timed out retrying: Expected to find element: '#generate-board', but never found it.",
                "estack": "CypressError: Timed out retrying: Expected to find element: '#generate-board', but never found it.\n    at cypressErr (http://localhost:33097/__cypress/runner/cypress_runner.js:149934:9)\n    at throwErr (http://localhost:33097/__cypress/runner/cypress_runner.js:149867:11)\n    at Object.throwErrByPath (http://localhost:33097/__cypress/runner/cypress_runner.js:149915:3)\n    at retry (http://localhost:33097/__cypress/runner/cypress_runner.js:144197:19)\n    at onFailFn (http://localhost:33097/__cypress/runner/cypress_runner.js:132448:16)\n    at tryCatcher (http://localhost:33097/__cypress/runner/cypress_runner.js:167415:23)\n    at Promise._settlePromiseFromHandler (http://localhost:33097/__cypress/runner/cypress_runner.js:165351:31)\n    at Promise._settlePromise (http://localhost:33097/__cypress/runner/cypress_runner.js:165408:18)\n    at Promise._settlePromise0 (http://localhost:33097/__cypress/runner/cypress_runner.js:165453:10)\n    at Promise._settlePromises (http://localhost:33097/__cypress/runner/cypress_runner.js:165528:18)\n    at Async../node_modules/bluebird/js/release/async.js.Async._drainQueue (http://localhost:33097/__cypress/runner/cypress_runner.js:162140:16)\n    at Async../node_modules/bluebird/js/release/async.js.Async._drainQueues (http://localhost:33097/__cypress/runner/cypress_runner.js:162150:10)\n    at Async.drainQueues (http://localhost:33097/__cypress/runner/cypress_runner.js:162024:14)",
                "diff": null
              },
              "uuid": "a58f74f2-1ac1-4f21-bfe7-459546933ab4",
              "parentUUID": "2fd982a8-5805-4be3-85f7-2fa47c8d631f",
              "isHook": false,
              "skipped": false
            },
            {
              "title": "Verifica se o input só aceita número maiores que zero. Essa restrição deve ser feita usando os atributos do elemento `input`",
              "fullTitle": "10 - Faça o quadro de pixels ter seu tamanho definido pelo usuário. Verifica se o input só aceita número maiores que zero. Essa restrição deve ser feita usando os atributos do elemento `input`",
              "timedOut": null,
              "duration": 4202,
              "state": "failed",
              "speed": null,
              "pass": false,
              "fail": true,
              "pending": false,
              "context": null,
              "code": "cy.get('#board-size[type=\\'number\\'][min=\\'1\\']');",
              "err": {
                "message": "CypressError: Timed out retrying: Expected to find element: '#board-size[type='number'][min='1']', but never found it.",
                "estack": "CypressError: Timed out retrying: Expected to find element: '#board-size[type='number'][min='1']', but never found it.\n    at cypressErr (http://localhost:33097/__cypress/runner/cypress_runner.js:149934:9)\n    at throwErr (http://localhost:33097/__cypress/runner/cypress_runner.js:149867:11)\n    at Object.throwErrByPath (http://localhost:33097/__cypress/runner/cypress_runner.js:149915:3)\n    at retry (http://localhost:33097/__cypress/runner/cypress_runner.js:144197:19)\n    at onFailFn (http://localhost:33097/__cypress/runner/cypress_runner.js:132448:16)\n    at tryCatcher (http://localhost:33097/__cypress/runner/cypress_runner.js:167415:23)\n    at Promise._settlePromiseFromHandler (http://localhost:33097/__cypress/runner/cypress_runner.js:165351:31)\n    at Promise._settlePromise (http://localhost:33097/__cypress/runner/cypress_runner.js:165408:18)\n    at Promise._settlePromise0 (http://localhost:33097/__cypress/runner/cypress_runner.js:165453:10)\n    at Promise._settlePromises (http://localhost:33097/__cypress/runner/cypress_runner.js:165528:18)\n    at Async../node_modules/bluebird/js/release/async.js.Async._drainQueue (http://localhost:33097/__cypress/runner/cypress_runner.js:162140:16)\n    at Async../node_modules/bluebird/js/release/async.js.Async._drainQueues (http://localhost:33097/__cypress/runner/cypress_runner.js:162150:10)\n    at Async.drainQueues (http://localhost:33097/__cypress/runner/cypress_runner.js:162024:14)",
                "diff": null
              },
              "uuid": "69880bf0-8924-4632-a037-f0797a9f277d",
              "parentUUID": "2fd982a8-5805-4be3-85f7-2fa47c8d631f",
              "isHook": false,
              "skipped": false
            },
            {
              "title": "Verifica se o botão contém o texto 'VQV'",
              "fullTitle": "10 - Faça o quadro de pixels ter seu tamanho definido pelo usuário. Verifica se o botão contém o texto 'VQV'",
              "timedOut": null,
              "duration": 4195,
              "state": "failed",
              "speed": null,
              "pass": false,
              "fail": true,
              "pending": false,
              "context": null,
              "code": "cy.get('#generate-board').contains(/vqv/i);",
              "err": {
                "message": "CypressError: Timed out retrying: Expected to find element: '#generate-board', but never found it.",
                "estack": "CypressError: Timed out retrying: Expected to find element: '#generate-board', but never found it.\n    at cypressErr (http://localhost:33097/__cypress/runner/cypress_runner.js:149934:9)\n    at throwErr (http://localhost:33097/__cypress/runner/cypress_runner.js:149867:11)\n    at Object.throwErrByPath (http://localhost:33097/__cypress/runner/cypress_runner.js:149915:3)\n    at retry (http://localhost:33097/__cypress/runner/cypress_runner.js:144197:19)\n    at onFailFn (http://localhost:33097/__cypress/runner/cypress_runner.js:132448:16)\n    at tryCatcher (http://localhost:33097/__cypress/runner/cypress_runner.js:167415:23)\n    at Promise._settlePromiseFromHandler (http://localhost:33097/__cypress/runner/cypress_runner.js:165351:31)\n    at Promise._settlePromise (http://localhost:33097/__cypress/runner/cypress_runner.js:165408:18)\n    at Promise._settlePromise0 (http://localhost:33097/__cypress/runner/cypress_runner.js:165453:10)\n    at Promise._settlePromises (http://localhost:33097/__cypress/runner/cypress_runner.js:165528:18)\n    at Async../node_modules/bluebird/js/release/async.js.Async._drainQueue (http://localhost:33097/__cypress/runner/cypress_runner.js:162140:16)\n    at Async../node_modules/bluebird/js/release/async.js.Async._drainQueues (http://localhost:33097/__cypress/runner/cypress_runner.js:162150:10)\n    at Async.drainQueues (http://localhost:33097/__cypress/runner/cypress_runner.js:162024:14)",
                "diff": null
              },
              "uuid": "d2542833-aa37-48ea-95eb-bb7fd08bf58e",
              "parentUUID": "2fd982a8-5805-4be3-85f7-2fa47c8d631f",
              "isHook": false,
              "skipped": false
            },
            {
              "title": "Verifica se o input está posicionado entre a paleta de cores e o quadro de pixels",
              "fullTitle": "10 - Faça o quadro de pixels ter seu tamanho definido pelo usuário. Verifica se o input está posicionado entre a paleta de cores e o quadro de pixels",
              "timedOut": null,
              "duration": 4212,
              "state": "failed",
              "speed": null,
              "pass": false,
              "fail": true,
              "pending": false,
              "context": null,
              "code": "cy.get('#color-palette').then(function (palette) {\n  cy.get('#board-size').should('be.belowOf', palette);\n});\ncy.get('#board-size').then(function (palette) {\n  cy.get('#pixel-board').should('be.belowOf', palette);\n});",
              "err": {
                "message": "CypressError: Timed out retrying: Expected to find element: '#board-size', but never found it.",
                "estack": "CypressError: Timed out retrying: Expected to find element: '#board-size', but never found it.\n    at cypressErr (http://localhost:33097/__cypress/runner/cypress_runner.js:149934:9)\n    at throwErr (http://localhost:33097/__cypress/runner/cypress_runner.js:149867:11)\n    at Object.throwErrByPath (http://localhost:33097/__cypress/runner/cypress_runner.js:149915:3)\n    at retry (http://localhost:33097/__cypress/runner/cypress_runner.js:144197:19)\n    at onFailFn (http://localhost:33097/__cypress/runner/cypress_runner.js:132448:16)\n    at tryCatcher (http://localhost:33097/__cypress/runner/cypress_runner.js:167415:23)\n    at Promise._settlePromiseFromHandler (http://localhost:33097/__cypress/runner/cypress_runner.js:165351:31)\n    at Promise._settlePromise (http://localhost:33097/__cypress/runner/cypress_runner.js:165408:18)\n    at Promise._settlePromise0 (http://localhost:33097/__cypress/runner/cypress_runner.js:165453:10)\n    at Promise._settlePromises (http://localhost:33097/__cypress/runner/cypress_runner.js:165528:18)\n    at Async../node_modules/bluebird/js/release/async.js.Async._drainQueue (http://localhost:33097/__cypress/runner/cypress_runner.js:162140:16)\n    at Async../node_modules/bluebird/js/release/async.js.Async._drainQueues (http://localhost:33097/__cypress/runner/cypress_runner.js:162150:10)\n    at Async.drainQueues (http://localhost:33097/__cypress/runner/cypress_runner.js:162024:14)",
                "diff": null
              },
              "uuid": "dd2f38a6-ef7b-4982-aa5b-bee20e70870b",
              "parentUUID": "2fd982a8-5805-4be3-85f7-2fa47c8d631f",
              "isHook": false,
              "skipped": false
            },
            {
              "title": "Verifica se o botão está posicionado ao lado do input",
              "fullTitle": "10 - Faça o quadro de pixels ter seu tamanho definido pelo usuário. Verifica se o botão está posicionado ao lado do input",
              "timedOut": null,
              "duration": 4195,
              "state": "failed",
              "speed": null,
              "pass": false,
              "fail": true,
              "pending": false,
              "context": null,
              "code": "cy.get('#board-size').then(function (board) {\n  cy.get('#generate-board').should('be.onTheRightOf', board);\n});",
              "err": {
                "message": "CypressError: Timed out retrying: Expected to find element: '#board-size', but never found it.",
                "estack": "CypressError: Timed out retrying: Expected to find element: '#board-size', but never found it.\n    at cypressErr (http://localhost:33097/__cypress/runner/cypress_runner.js:149934:9)\n    at throwErr (http://localhost:33097/__cypress/runner/cypress_runner.js:149867:11)\n    at Object.throwErrByPath (http://localhost:33097/__cypress/runner/cypress_runner.js:149915:3)\n    at retry (http://localhost:33097/__cypress/runner/cypress_runner.js:144197:19)\n    at onFailFn (http://localhost:33097/__cypress/runner/cypress_runner.js:132448:16)\n    at tryCatcher (http://localhost:33097/__cypress/runner/cypress_runner.js:167415:23)\n    at Promise._settlePromiseFromHandler (http://localhost:33097/__cypress/runner/cypress_runner.js:165351:31)\n    at Promise._settlePromise (http://localhost:33097/__cypress/runner/cypress_runner.js:165408:18)\n    at Promise._settlePromise0 (http://localhost:33097/__cypress/runner/cypress_runner.js:165453:10)\n    at Promise._settlePromises (http://localhost:33097/__cypress/runner/cypress_runner.js:165528:18)\n    at Async../node_modules/bluebird/js/release/async.js.Async._drainQueue (http://localhost:33097/__cypress/runner/cypress_runner.js:162140:16)\n    at Async../node_modules/bluebird/js/release/async.js.Async._drainQueues (http://localhost:33097/__cypress/runner/cypress_runner.js:162150:10)\n    at Async.drainQueues (http://localhost:33097/__cypress/runner/cypress_runner.js:162024:14)",
                "diff": null
              },
              "uuid": "a3fddc69-7ba9-47b5-b811-4ddfd7b111e7",
              "parentUUID": "2fd982a8-5805-4be3-85f7-2fa47c8d631f",
              "isHook": false,
              "skipped": false
            },
            {
              "title": "Verifica se nenhum valor for colocado no input ao clicar no botão, um `alert` é exibido com o texto: 'Board inválido!'",
              "fullTitle": "10 - Faça o quadro de pixels ter seu tamanho definido pelo usuário. Verifica se nenhum valor for colocado no input ao clicar no botão, um `alert` é exibido com o texto: 'Board inválido!'",
              "timedOut": null,
              "duration": 4219,
              "state": "failed",
              "speed": null,
              "pass": false,
              "fail": true,
              "pending": false,
              "context": null,
              "code": "var alerted = false;\ncy.on('window:alert', function (msg) {\n  return alerted = msg;\n});\ncy.get('#generate-board').click().then(function () {\n  return expect(alerted).to.match(/Board inválido!/i);\n});",
              "err": {
                "message": "CypressError: Timed out retrying: Expected to find element: '#generate-board', but never found it.",
                "estack": "CypressError: Timed out retrying: Expected to find element: '#generate-board', but never found it.\n    at cypressErr (http://localhost:33097/__cypress/runner/cypress_runner.js:149934:9)\n    at throwErr (http://localhost:33097/__cypress/runner/cypress_runner.js:149867:11)\n    at Object.throwErrByPath (http://localhost:33097/__cypress/runner/cypress_runner.js:149915:3)\n    at retry (http://localhost:33097/__cypress/runner/cypress_runner.js:144197:19)\n    at onFailFn (http://localhost:33097/__cypress/runner/cypress_runner.js:132448:16)\n    at tryCatcher (http://localhost:33097/__cypress/runner/cypress_runner.js:167415:23)\n    at Promise._settlePromiseFromHandler (http://localhost:33097/__cypress/runner/cypress_runner.js:165351:31)\n    at Promise._settlePromise (http://localhost:33097/__cypress/runner/cypress_runner.js:165408:18)\n    at Promise._settlePromise0 (http://localhost:33097/__cypress/runner/cypress_runner.js:165453:10)\n    at Promise._settlePromises (http://localhost:33097/__cypress/runner/cypress_runner.js:165528:18)\n    at Async../node_modules/bluebird/js/release/async.js.Async._drainQueue (http://localhost:33097/__cypress/runner/cypress_runner.js:162140:16)\n    at Async../node_modules/bluebird/js/release/async.js.Async._drainQueues (http://localhost:33097/__cypress/runner/cypress_runner.js:162150:10)\n    at Async.drainQueues (http://localhost:33097/__cypress/runner/cypress_runner.js:162024:14)",
                "diff": null
              },
              "uuid": "ec231903-a34f-4d45-a0c5-79566f7abd86",
              "parentUUID": "2fd982a8-5805-4be3-85f7-2fa47c8d631f",
              "isHook": false,
              "skipped": false
            },
            {
              "title": "Verifica se ao clicar no botão com um valor preenchido, o tamanho do board muda.",
              "fullTitle": "10 - Faça o quadro de pixels ter seu tamanho definido pelo usuário. Verifica se ao clicar no botão com um valor preenchido, o tamanho do board muda.",
              "timedOut": null,
              "duration": 4197,
              "state": "failed",
              "speed": null,
              "pass": false,
              "fail": true,
              "pending": false,
              "context": null,
              "code": "cy.get('#board-size').clear().type(10);\ncy.get('#generate-board').click();\ncy.get('.pixel').should('have.length', 100);",
              "err": {
                "message": "CypressError: Timed out retrying: Expected to find element: '#board-size', but never found it.",
                "estack": "CypressError: Timed out retrying: Expected to find element: '#board-size', but never found it.\n    at cypressErr (http://localhost:33097/__cypress/runner/cypress_runner.js:149934:9)\n    at throwErr (http://localhost:33097/__cypress/runner/cypress_runner.js:149867:11)\n    at Object.throwErrByPath (http://localhost:33097/__cypress/runner/cypress_runner.js:149915:3)\n    at retry (http://localhost:33097/__cypress/runner/cypress_runner.js:144197:19)\n    at onFailFn (http://localhost:33097/__cypress/runner/cypress_runner.js:132448:16)\n    at tryCatcher (http://localhost:33097/__cypress/runner/cypress_runner.js:167415:23)\n    at Promise._settlePromiseFromHandler (http://localhost:33097/__cypress/runner/cypress_runner.js:165351:31)\n    at Promise._settlePromise (http://localhost:33097/__cypress/runner/cypress_runner.js:165408:18)\n    at Promise._settlePromise0 (http://localhost:33097/__cypress/runner/cypress_runner.js:165453:10)\n    at Promise._settlePromises (http://localhost:33097/__cypress/runner/cypress_runner.js:165528:18)\n    at Async../node_modules/bluebird/js/release/async.js.Async._drainQueue (http://localhost:33097/__cypress/runner/cypress_runner.js:162140:16)\n    at Async../node_modules/bluebird/js/release/async.js.Async._drainQueues (http://localhost:33097/__cypress/runner/cypress_runner.js:162150:10)\n    at Async.drainQueues (http://localhost:33097/__cypress/runner/cypress_runner.js:162024:14)",
                "diff": null
              },
              "uuid": "42590496-3ed4-4db4-a8fb-543b2e931d57",
              "parentUUID": "2fd982a8-5805-4be3-85f7-2fa47c8d631f",
              "isHook": false,
              "skipped": false
            },
            {
              "title": "Verifica se o novo quadro tem todos os pixels preenchidos com a cor branca",
              "fullTitle": "10 - Faça o quadro de pixels ter seu tamanho definido pelo usuário. Verifica se o novo quadro tem todos os pixels preenchidos com a cor branca",
              "timedOut": null,
              "duration": 4211,
              "state": "failed",
              "speed": null,
              "pass": false,
              "fail": true,
              "pending": false,
              "context": null,
              "code": "cy.get('#board-size').clear().type(6);\ncy.get('#generate-board').click();\ncy.get('.pixel').should('have.length', 36).each(function (pixel) {\n  expect(pixel).to.have.css('background-color', WHITE);\n});",
              "err": {
                "message": "CypressError: Timed out retrying: Expected to find element: '#board-size', but never found it.",
                "estack": "CypressError: Timed out retrying: Expected to find element: '#board-size', but never found it.\n    at cypressErr (http://localhost:33097/__cypress/runner/cypress_runner.js:149934:9)\n    at throwErr (http://localhost:33097/__cypress/runner/cypress_runner.js:149867:11)\n    at Object.throwErrByPath (http://localhost:33097/__cypress/runner/cypress_runner.js:149915:3)\n    at retry (http://localhost:33097/__cypress/runner/cypress_runner.js:144197:19)\n    at onFailFn (http://localhost:33097/__cypress/runner/cypress_runner.js:132448:16)\n    at tryCatcher (http://localhost:33097/__cypress/runner/cypress_runner.js:167415:23)\n    at Promise._settlePromiseFromHandler (http://localhost:33097/__cypress/runner/cypress_runner.js:165351:31)\n    at Promise._settlePromise (http://localhost:33097/__cypress/runner/cypress_runner.js:165408:18)\n    at Promise._settlePromise0 (http://localhost:33097/__cypress/runner/cypress_runner.js:165453:10)\n    at Promise._settlePromises (http://localhost:33097/__cypress/runner/cypress_runner.js:165528:18)\n    at Async../node_modules/bluebird/js/release/async.js.Async._drainQueue (http://localhost:33097/__cypress/runner/cypress_runner.js:162140:16)\n    at Async../node_modules/bluebird/js/release/async.js.Async._drainQueues (http://localhost:33097/__cypress/runner/cypress_runner.js:162150:10)\n    at Async.drainQueues (http://localhost:33097/__cypress/runner/cypress_runner.js:162024:14)",
                "diff": null
              },
              "uuid": "74a4d954-4eb9-4f67-9fe7-821651d39bcd",
              "parentUUID": "2fd982a8-5805-4be3-85f7-2fa47c8d631f",
              "isHook": false,
              "skipped": false
            }
          ],
          "suites": [],
          "passes": [],
          "failures": [
            "c2df9a44-0430-49e2-92fc-8f387dc0f030",
            "a58f74f2-1ac1-4f21-bfe7-459546933ab4",
            "69880bf0-8924-4632-a037-f0797a9f277d",
            "d2542833-aa37-48ea-95eb-bb7fd08bf58e",
            "dd2f38a6-ef7b-4982-aa5b-bee20e70870b",
            "a3fddc69-7ba9-47b5-b811-4ddfd7b111e7",
            "ec231903-a34f-4d45-a0c5-79566f7abd86",
            "42590496-3ed4-4db4-a8fb-543b2e931d57",
            "74a4d954-4eb9-4f67-9fe7-821651d39bcd"
          ],
          "pending": [],
          "skipped": [],
          "duration": 37885,
          "root": false,
          "rootEmpty": false,
          "_timeout": 2000
        },
        {
          "uuid": "49ba47d4-2c27-4ed1-abbe-e4f5f9831d8e",
          "title": "11 - Limite o tamanho mínimo e máximo do board.",
          "fullFile": "",
          "file": "",
          "beforeHooks": [],
          "afterHooks": [],
          "tests": [
            {
              "title": "Verifica se a altura máxima do board é 50",
              "fullTitle": "11 - Limite o tamanho mínimo e máximo do board. Verifica se a altura máxima do board é 50",
              "timedOut": null,
              "duration": 4225,
              "state": "failed",
              "speed": null,
              "pass": false,
              "fail": true,
              "pending": false,
              "context": null,
              "code": "cy.get('#board-size').clear().type(50);\ncy.get('#generate-board').click();\ncy.get('.pixel').should('have.length', 2500);",
              "err": {
                "message": "CypressError: Timed out retrying: Expected to find element: '#board-size', but never found it.",
                "estack": "CypressError: Timed out retrying: Expected to find element: '#board-size', but never found it.\n    at cypressErr (http://localhost:33097/__cypress/runner/cypress_runner.js:149934:9)\n    at throwErr (http://localhost:33097/__cypress/runner/cypress_runner.js:149867:11)\n    at Object.throwErrByPath (http://localhost:33097/__cypress/runner/cypress_runner.js:149915:3)\n    at retry (http://localhost:33097/__cypress/runner/cypress_runner.js:144197:19)\n    at onFailFn (http://localhost:33097/__cypress/runner/cypress_runner.js:132448:16)\n    at tryCatcher (http://localhost:33097/__cypress/runner/cypress_runner.js:167415:23)\n    at Promise._settlePromiseFromHandler (http://localhost:33097/__cypress/runner/cypress_runner.js:165351:31)\n    at Promise._settlePromise (http://localhost:33097/__cypress/runner/cypress_runner.js:165408:18)\n    at Promise._settlePromise0 (http://localhost:33097/__cypress/runner/cypress_runner.js:165453:10)\n    at Promise._settlePromises (http://localhost:33097/__cypress/runner/cypress_runner.js:165528:18)\n    at Async../node_modules/bluebird/js/release/async.js.Async._drainQueue (http://localhost:33097/__cypress/runner/cypress_runner.js:162140:16)\n    at Async../node_modules/bluebird/js/release/async.js.Async._drainQueues (http://localhost:33097/__cypress/runner/cypress_runner.js:162150:10)\n    at Async.drainQueues (http://localhost:33097/__cypress/runner/cypress_runner.js:162024:14)",
                "diff": null
              },
              "uuid": "e4512acb-4018-40d2-8d6e-cb8fad72a343",
              "parentUUID": "49ba47d4-2c27-4ed1-abbe-e4f5f9831d8e",
              "isHook": false,
              "skipped": false
            },
            {
              "title": "Verifica se a altura do board é 5 quando um valor menor é colocado no input",
              "fullTitle": "11 - Limite o tamanho mínimo e máximo do board. Verifica se a altura do board é 5 quando um valor menor é colocado no input",
              "timedOut": null,
              "duration": 4213,
              "state": "failed",
              "speed": null,
              "pass": false,
              "fail": true,
              "pending": false,
              "context": null,
              "code": "cy.get('#board-size').clear().type(4);\ncy.get('#generate-board').click();\ncy.get('.pixel').should('have.length', 25);",
              "err": {
                "message": "CypressError: Timed out retrying: Expected to find element: '#board-size', but never found it.",
                "estack": "CypressError: Timed out retrying: Expected to find element: '#board-size', but never found it.\n    at cypressErr (http://localhost:33097/__cypress/runner/cypress_runner.js:149934:9)\n    at throwErr (http://localhost:33097/__cypress/runner/cypress_runner.js:149867:11)\n    at Object.throwErrByPath (http://localhost:33097/__cypress/runner/cypress_runner.js:149915:3)\n    at retry (http://localhost:33097/__cypress/runner/cypress_runner.js:144197:19)\n    at onFailFn (http://localhost:33097/__cypress/runner/cypress_runner.js:132448:16)\n    at tryCatcher (http://localhost:33097/__cypress/runner/cypress_runner.js:167415:23)\n    at Promise._settlePromiseFromHandler (http://localhost:33097/__cypress/runner/cypress_runner.js:165351:31)\n    at Promise._settlePromise (http://localhost:33097/__cypress/runner/cypress_runner.js:165408:18)\n    at Promise._settlePromise0 (http://localhost:33097/__cypress/runner/cypress_runner.js:165453:10)\n    at Promise._settlePromises (http://localhost:33097/__cypress/runner/cypress_runner.js:165528:18)\n    at Async../node_modules/bluebird/js/release/async.js.Async._drainQueue (http://localhost:33097/__cypress/runner/cypress_runner.js:162140:16)\n    at Async../node_modules/bluebird/js/release/async.js.Async._drainQueues (http://localhost:33097/__cypress/runner/cypress_runner.js:162150:10)\n    at Async.drainQueues (http://localhost:33097/__cypress/runner/cypress_runner.js:162024:14)",
                "diff": null
              },
              "uuid": "d446fafd-c20b-4546-b60a-223c955ed0ec",
              "parentUUID": "49ba47d4-2c27-4ed1-abbe-e4f5f9831d8e",
              "isHook": false,
              "skipped": false
            },
            {
              "title": "Verifica se a altura do board é 50 quando um valor maior é colocado no input",
              "fullTitle": "11 - Limite o tamanho mínimo e máximo do board. Verifica se a altura do board é 50 quando um valor maior é colocado no input",
              "timedOut": null,
              "duration": 4235,
              "state": "failed",
              "speed": null,
              "pass": false,
              "fail": true,
              "pending": false,
              "context": null,
              "code": "cy.get('#board-size').clear().type(51);\ncy.get('#generate-board').click();\ncy.get('.pixel').should('have.length', 2500);",
              "err": {
                "message": "CypressError: Timed out retrying: Expected to find element: '#board-size', but never found it.",
                "estack": "CypressError: Timed out retrying: Expected to find element: '#board-size', but never found it.\n    at cypressErr (http://localhost:33097/__cypress/runner/cypress_runner.js:149934:9)\n    at throwErr (http://localhost:33097/__cypress/runner/cypress_runner.js:149867:11)\n    at Object.throwErrByPath (http://localhost:33097/__cypress/runner/cypress_runner.js:149915:3)\n    at retry (http://localhost:33097/__cypress/runner/cypress_runner.js:144197:19)\n    at onFailFn (http://localhost:33097/__cypress/runner/cypress_runner.js:132448:16)\n    at tryCatcher (http://localhost:33097/__cypress/runner/cypress_runner.js:167415:23)\n    at Promise._settlePromiseFromHandler (http://localhost:33097/__cypress/runner/cypress_runner.js:165351:31)\n    at Promise._settlePromise (http://localhost:33097/__cypress/runner/cypress_runner.js:165408:18)\n    at Promise._settlePromise0 (http://localhost:33097/__cypress/runner/cypress_runner.js:165453:10)\n    at Promise._settlePromises (http://localhost:33097/__cypress/runner/cypress_runner.js:165528:18)\n    at Async../node_modules/bluebird/js/release/async.js.Async._drainQueue (http://localhost:33097/__cypress/runner/cypress_runner.js:162140:16)\n    at Async../node_modules/bluebird/js/release/async.js.Async._drainQueues (http://localhost:33097/__cypress/runner/cypress_runner.js:162150:10)\n    at Async.drainQueues (http://localhost:33097/__cypress/runner/cypress_runner.js:162024:14)",
                "diff": null
              },
              "uuid": "57035439-e01b-4e3c-8961-6b8a81ba47d8",
              "parentUUID": "49ba47d4-2c27-4ed1-abbe-e4f5f9831d8e",
              "isHook": false,
              "skipped": false
            }
          ],
          "suites": [],
          "passes": [],
          "failures": [
            "e4512acb-4018-40d2-8d6e-cb8fad72a343",
            "d446fafd-c20b-4546-b60a-223c955ed0ec",
            "57035439-e01b-4e3c-8961-6b8a81ba47d8"
          ],
          "pending": [],
          "skipped": [],
          "duration": 12673,
          "root": false,
          "rootEmpty": false,
          "_timeout": 2000
        },
        {
          "uuid": "c0afe39d-a559-4e19-903a-8196e311d191",
          "title": "12 - Faça com que as cores da paleta sejam geradas aleatoriamente ao carregar a página.",
          "fullFile": "",
          "file": "",
          "beforeHooks": [],
          "afterHooks": [],
          "tests": [
            {
              "title": "Verifica se as cores geradas na paleta são diferentes a cada carregamento da página",
              "fullTitle": "12 - Faça com que as cores da paleta sejam geradas aleatoriamente ao carregar a página. Verifica se as cores geradas na paleta são diferentes a cada carregamento da página",
              "timedOut": null,
              "duration": 339,
              "state": "failed",
              "speed": null,
              "pass": false,
              "fail": true,
              "pending": false,
              "context": null,
              "code": "cy.get('.color').then(function (colors) {\n  var currentColors;\n  var previousColors;\n  previousColors = Array.from(colors).map(function (color) {\n    return Cypress.$(color).css('background-color');\n  });\n  for (var i = 0; i < 5; i += 1) {\n    cy.reload();\n    cy.get('.color').then(function (colors) {\n      currentColors = Array.from(colors).map(function (color) {\n        return Cypress.$(color).css('background-color');\n      });\n      expect(currentColors).not.to.deep.equal(previousColors);\n      previousColors = currentColors;\n    });\n  }\n});",
              "err": {
                "message": "AssertionError: expected [ Array(5) ] to not deeply equal [ Array(5) ]",
                "estack": "AssertionError: expected [ Array(5) ] to not deeply equal [ Array(5) ]\n    at getRet (http://localhost:33097/__cypress/runner/cypress_runner.js:136585:16)\n    at tryCatcher (http://localhost:33097/__cypress/runner/cypress_runner.js:167415:23)\n    at Function.Promise.attempt.Promise.try (http://localhost:33097/__cypress/runner/cypress_runner.js:164690:29)\n    at Context.thenFn (http://localhost:33097/__cypress/runner/cypress_runner.js:136599:23)\n    at Context.then (http://localhost:33097/__cypress/runner/cypress_runner.js:136971:21)\n    at Context.<anonymous> (http://localhost:33097/__cypress/runner/cypress_runner.js:148875:21)\n    at http://localhost:33097/__cypress/runner/cypress_runner.js:148351:33\n    at tryCatcher (http://localhost:33097/__cypress/runner/cypress_runner.js:167415:23)\n    at Promise._settlePromiseFromHandler (http://localhost:33097/__cypress/runner/cypress_runner.js:165351:31)\n    at Promise._settlePromise (http://localhost:33097/__cypress/runner/cypress_runner.js:165408:18)\n    at Promise._settlePromiseCtx (http://localhost:33097/__cypress/runner/cypress_runner.js:165445:10)\n    at Async../node_modules/bluebird/js/release/async.js.Async._drainQueue (http://localhost:33097/__cypress/runner/cypress_runner.js:162145:12)\n    at Async../node_modules/bluebird/js/release/async.js.Async._drainQueues (http://localhost:33097/__cypress/runner/cypress_runner.js:162150:10)\n    at Async.drainQueues (http://localhost:33097/__cypress/runner/cypress_runner.js:162024:14)",
                "diff": ""
              },
              "uuid": "2986279d-d5fb-4983-b00d-aca3b3496715",
              "parentUUID": "c0afe39d-a559-4e19-903a-8196e311d191",
              "isHook": false,
              "skipped": false
            },
            {
              "title": "Verifica se a cor preta ainda está presente e é a primeira na sua paleta de cores",
              "fullTitle": "12 - Faça com que as cores da paleta sejam geradas aleatoriamente ao carregar a página. Verifica se a cor preta ainda está presente e é a primeira na sua paleta de cores",
              "timedOut": null,
              "duration": 266,
              "state": "failed",
              "speed": null,
              "pass": false,
              "fail": true,
              "pending": false,
              "context": null,
              "code": "cy.get('.color').then(function (colors) {\n  var currentColors;\n  var previousColors;\n  previousColors = Array.from(colors).map(function (color) {\n    return Cypress.$(color).css('background-color');\n  });\n  expect(previousColors[0]).to.eq(BLACK);\n  for (var i = 0; i < 5; i += 1) {\n    cy.reload();\n    cy.get('.color').then(function (colors) {\n      currentColors = Array.from(colors).map(function (color) {\n        return Cypress.$(color).css('background-color');\n      });\n      expect(currentColors[0]).to.eq(BLACK);\n      expect(currentColors).not.to.deep.equal(previousColors);\n      previousColors = currentColors;\n    });\n  }\n});",
              "err": {
                "message": "AssertionError: expected [ Array(5) ] to not deeply equal [ Array(5) ]",
                "estack": "AssertionError: expected [ Array(5) ] to not deeply equal [ Array(5) ]\n    at getRet (http://localhost:33097/__cypress/runner/cypress_runner.js:136585:16)\n    at tryCatcher (http://localhost:33097/__cypress/runner/cypress_runner.js:167415:23)\n    at Function.Promise.attempt.Promise.try (http://localhost:33097/__cypress/runner/cypress_runner.js:164690:29)\n    at Context.thenFn (http://localhost:33097/__cypress/runner/cypress_runner.js:136599:23)\n    at Context.then (http://localhost:33097/__cypress/runner/cypress_runner.js:136971:21)\n    at Context.<anonymous> (http://localhost:33097/__cypress/runner/cypress_runner.js:148875:21)\n    at http://localhost:33097/__cypress/runner/cypress_runner.js:148351:33\n    at tryCatcher (http://localhost:33097/__cypress/runner/cypress_runner.js:167415:23)\n    at Promise._settlePromiseFromHandler (http://localhost:33097/__cypress/runner/cypress_runner.js:165351:31)\n    at Promise._settlePromise (http://localhost:33097/__cypress/runner/cypress_runner.js:165408:18)\n    at Promise._settlePromiseCtx (http://localhost:33097/__cypress/runner/cypress_runner.js:165445:10)\n    at Async../node_modules/bluebird/js/release/async.js.Async._drainQueue (http://localhost:33097/__cypress/runner/cypress_runner.js:162145:12)\n    at Async../node_modules/bluebird/js/release/async.js.Async._drainQueues (http://localhost:33097/__cypress/runner/cypress_runner.js:162150:10)\n    at Async.drainQueues (http://localhost:33097/__cypress/runner/cypress_runner.js:162024:14)",
                "diff": ""
              },
              "uuid": "70108081-ff76-4e4e-a86f-13f452693d86",
              "parentUUID": "c0afe39d-a559-4e19-903a-8196e311d191",
              "isHook": false,
              "skipped": false
            }
          ],
          "suites": [],
          "passes": [],
          "failures": [
            "2986279d-d5fb-4983-b00d-aca3b3496715",
            "70108081-ff76-4e4e-a86f-13f452693d86"
          ],
          "pending": [],
          "skipped": [],
          "duration": 605,
          "root": false,
          "rootEmpty": false,
          "_timeout": 2000
        }
      ],
      "passes": [],
      "failures": [],
      "pending": [],
      "skipped": [],
      "duration": 0,
      "root": true,
      "rootEmpty": true,
      "_timeout": 2000
    }
  ],
  "meta": {
    "mocha": {
      "version": "7.0.1"
    },
    "mochawesome": {
      "options": {
        "quiet": false,
        "reportFilename": "mochawesome",
        "saveHtml": false,
        "saveJson": true,
        "consoleReporter": "spec",
        "useInlineDiffs": false
      },
      "version": "4.1.0"
    },
    "marge": {
      "options": {
        "id": "default",
        "reportDir": "cypress/reports",
        "overwrite": true,
        "html": false,
        "json": true
      },
      "version": "4.1.0"
    }
  }
}